\BOOKMARK [0][-]{chapter.1}{\376\377\0001\000\040\000C\000l\000a\000s\000s\000\040\000I\000n\000d\000e\000x}{}% 1
\BOOKMARK [1][-]{section.1.1}{\376\377\0001\000.\0001\000\040\000C\000l\000a\000s\000s\000\040\000L\000i\000s\000t}{chapter.1}% 2
\BOOKMARK [0][-]{chapter.2}{\376\377\0002\000\040\000F\000i\000l\000e\000\040\000I\000n\000d\000e\000x}{}% 3
\BOOKMARK [1][-]{section.2.1}{\376\377\0002\000.\0001\000\040\000F\000i\000l\000e\000\040\000L\000i\000s\000t}{chapter.2}% 4
\BOOKMARK [0][-]{chapter.3}{\376\377\0003\000\040\000C\000l\000a\000s\000s\000\040\000D\000o\000c\000u\000m\000e\000n\000t\000a\000t\000i\000o\000n}{}% 5
\BOOKMARK [1][-]{section.3.1}{\376\377\0003\000.\0001\000\040\000p\000B\000u\000f\000f\000e\000r\000\040\000C\000l\000a\000s\000s\000\040\000R\000e\000f\000e\000r\000e\000n\000c\000e}{chapter.3}% 6
\BOOKMARK [2][-]{subsection.3.1.1}{\376\377\0003\000.\0001\000.\0001\000\040\000M\000e\000m\000b\000e\000r\000\040\000D\000a\000t\000a\000\040\000D\000o\000c\000u\000m\000e\000n\000t\000a\000t\000i\000o\000n}{section.3.1}% 7
\BOOKMARK [3][-]{subsubsection.3.1.1.1}{\376\377\0003\000.\0001\000.\0001\000.\0001\000\040\000m\000a\000g\000i\000c}{subsection.3.1.1}% 8
\BOOKMARK [3][-]{subsubsection.3.1.1.2}{\376\377\0003\000.\0001\000.\0001\000.\0002\000\040\000m\000e\000m}{subsection.3.1.1}% 9
\BOOKMARK [1][-]{section.3.2}{\376\377\0003\000.\0002\000\040\000p\000C\000o\000n\000t\000e\000x\000t\000\040\000C\000l\000a\000s\000s\000\040\000R\000e\000f\000e\000r\000e\000n\000c\000e}{chapter.3}% 10
\BOOKMARK [2][-]{subsection.3.2.1}{\376\377\0003\000.\0002\000.\0001\000\040\000M\000e\000m\000b\000e\000r\000\040\000D\000a\000t\000a\000\040\000D\000o\000c\000u\000m\000e\000n\000t\000a\000t\000i\000o\000n}{section.3.2}% 11
\BOOKMARK [3][-]{subsubsection.3.2.1.1}{\376\377\0003\000.\0002\000.\0001\000.\0001\000\040\000m\000a\000g\000i\000c}{subsection.3.2.1}% 12
\BOOKMARK [1][-]{section.3.3}{\376\377\0003\000.\0003\000\040\000p\000D\000e\000v\000i\000c\000e\000\040\000C\000l\000a\000s\000s\000\040\000R\000e\000f\000e\000r\000e\000n\000c\000e}{chapter.3}% 13
\BOOKMARK [2][-]{subsection.3.3.1}{\376\377\0003\000.\0003\000.\0001\000\040\000M\000e\000m\000b\000e\000r\000\040\000D\000a\000t\000a\000\040\000D\000o\000c\000u\000m\000e\000n\000t\000a\000t\000i\000o\000n}{section.3.3}% 14
\BOOKMARK [3][-]{subsubsection.3.3.1.1}{\376\377\0003\000.\0003\000.\0001\000.\0001\000\040\000d\000e\000v\000N\000a\000m\000e}{subsection.3.3.1}% 15
\BOOKMARK [3][-]{subsubsection.3.3.1.2}{\376\377\0003\000.\0003\000.\0001\000.\0002\000\040\000m\000a\000g\000i\000c}{subsection.3.3.1}% 16
\BOOKMARK [1][-]{section.3.4}{\376\377\0003\000.\0004\000\040\000p\000K\000e\000r\000n\000e\000l\000\040\000C\000l\000a\000s\000s\000\040\000R\000e\000f\000e\000r\000e\000n\000c\000e}{chapter.3}% 17
\BOOKMARK [2][-]{subsection.3.4.1}{\376\377\0003\000.\0004\000.\0001\000\040\000M\000e\000m\000b\000e\000r\000\040\000D\000a\000t\000a\000\040\000D\000o\000c\000u\000m\000e\000n\000t\000a\000t\000i\000o\000n}{section.3.4}% 18
\BOOKMARK [3][-]{subsubsection.3.4.1.1}{\376\377\0003\000.\0004\000.\0001\000.\0001\000\040\000m\000a\000g\000i\000c}{subsection.3.4.1}% 19
\BOOKMARK [0][-]{chapter.4}{\376\377\0004\000\040\000F\000i\000l\000e\000\040\000D\000o\000c\000u\000m\000e\000n\000t\000a\000t\000i\000o\000n}{}% 20
\BOOKMARK [1][-]{section.4.1}{\376\377\0004\000.\0001\000\040\000d\000r\000i\000v\000e\000r\000/\000g\000p\000g\000p\000u\000.\000h\000\040\000F\000i\000l\000e\000\040\000R\000e\000f\000e\000r\000e\000n\000c\000e}{chapter.4}% 21
\BOOKMARK [2][-]{subsection.4.1.1}{\376\377\0004\000.\0001\000.\0001\000\040\000M\000a\000c\000r\000o\000\040\000D\000e\000f\000i\000n\000i\000t\000i\000o\000n\000\040\000D\000o\000c\000u\000m\000e\000n\000t\000a\000t\000i\000o\000n}{section.4.1}% 22
\BOOKMARK [3][-]{subsubsection.4.1.1.1}{\376\377\0004\000.\0001\000.\0001\000.\0001\000\040\000B\000A\000C\000K\000E\000N\000D\000\137\000B\000U\000I\000L\000D\000\137\000E\000R\000R\000O\000R}{subsection.4.1.1}% 23
\BOOKMARK [3][-]{subsubsection.4.1.1.2}{\376\377\0004\000.\0001\000.\0001\000.\0002\000\040\000B\000U\000F\000F\000E\000R\000\137\000A\000L\000L\000O\000C\000A\000T\000I\000O\000N\000\137\000F\000A\000I\000L\000E\000D}{subsection.4.1.1}% 24
\BOOKMARK [3][-]{subsubsection.4.1.1.3}{\376\377\0004\000.\0001\000.\0001\000.\0003\000\040\000C\000O\000M\000P\000I\000L\000E\000R\000\137\000L\000O\000A\000D\000\137\000E\000R\000R\000O\000R}{subsection.4.1.1}% 25
\BOOKMARK [3][-]{subsubsection.4.1.1.4}{\376\377\0004\000.\0001\000.\0001\000.\0004\000\040\000C\000O\000N\000T\000E\000X\000T\000\137\000A\000L\000R\000E\000A\000D\000Y\000\137\000E\000X\000I\000S\000T\000S}{subsection.4.1.1}% 26
\BOOKMARK [3][-]{subsubsection.4.1.1.5}{\376\377\0004\000.\0001\000.\0001\000.\0005\000\040\000C\000O\000N\000T\000E\000X\000T\000\137\000C\000R\000E\000A\000T\000I\000O\000N\000\137\000F\000A\000I\000L\000E\000D}{subsection.4.1.1}% 27
\BOOKMARK [3][-]{subsubsection.4.1.1.6}{\376\377\0004\000.\0001\000.\0001\000.\0006\000\040\000F\000R\000O\000N\000T\000E\000N\000D\000\137\000B\000U\000I\000L\000D\000\137\000E\000R\000R\000O\000R}{subsection.4.1.1}% 28
\BOOKMARK [3][-]{subsubsection.4.1.1.7}{\376\377\0004\000.\0001\000.\0001\000.\0007\000\040\000G\000E\000M\000\137\000E\000X\000E\000C\000B\000U\000F\000F\000E\000R\000\137\000F\000A\000I\000L\000E\000D}{subsection.4.1.1}% 29
\BOOKMARK [3][-]{subsubsection.4.1.1.8}{\376\377\0004\000.\0001\000.\0001\000.\0008\000\040\000I\000N\000V\000A\000L\000I\000D\000\137\000K\000E\000R\000N\000E\000L}{subsection.4.1.1}% 30
\BOOKMARK [3][-]{subsubsection.4.1.1.9}{\376\377\0004\000.\0001\000.\0001\000.\0009\000\040\000I\000N\000V\000A\000L\000I\000D\000\137\000K\000E\000R\000N\000E\000L\000\137\000A\000R\000G}{subsection.4.1.1}% 31
\BOOKMARK [3][-]{subsubsection.4.1.1.10}{\376\377\0004\000.\0001\000.\0001\000.\0001\0000\000\040\000I\000N\000V\000A\000L\000I\000D\000\137\000W\000O\000R\000K\000\137\000G\000R\000O\000U\000P\000\137\000S\000I\000Z\000E}{subsection.4.1.1}% 32
\BOOKMARK [3][-]{subsubsection.4.1.1.11}{\376\377\0004\000.\0001\000.\0001\000.\0001\0001\000\040\000I\000N\000V\000A\000L\000I\000D\000\137\000W\000O\000R\000K\000\137\000S\000I\000Z\000E}{subsection.4.1.1}% 33
\BOOKMARK [3][-]{subsubsection.4.1.1.12}{\376\377\0004\000.\0001\000.\0001\000.\0001\0002\000\040\000K\000E\000R\000N\000E\000L\000\137\000D\000U\000M\000P\000\137\000E\000R\000R\000O\000R}{subsection.4.1.1}% 34
\BOOKMARK [3][-]{subsubsection.4.1.1.13}{\376\377\0004\000.\0001\000.\0001\000.\0001\0003\000\040\000N\000O\000\137\000B\000U\000F\000F\000E\000R\000\137\000E\000R\000R\000O\000R}{subsection.4.1.1}% 35
\BOOKMARK [3][-]{subsubsection.4.1.1.14}{\376\377\0004\000.\0001\000.\0001\000.\0001\0004\000\040\000N\000O\000\137\000C\000O\000N\000T\000E\000X\000T\000\137\000E\000R\000R\000O\000R}{subsection.4.1.1}% 36
\BOOKMARK [3][-]{subsubsection.4.1.1.15}{\376\377\0004\000.\0001\000.\0001\000.\0001\0005\000\040\000N\000O\000\137\000D\000E\000V\000I\000C\000E\000\137\000E\000R\000R\000O\000R}{subsection.4.1.1}% 37
\BOOKMARK [3][-]{subsubsection.4.1.1.16}{\376\377\0004\000.\0001\000.\0001\000.\0001\0006\000\040\000N\000O\000\137\000K\000E\000R\000N\000E\000L\000\137\000E\000R\000R\000O\000R}{subsection.4.1.1}% 38
\BOOKMARK [3][-]{subsubsection.4.1.1.17}{\376\377\0004\000.\0001\000.\0001\000.\0001\0007\000\040\000P\000O\000S\000T\000\137\000S\000Y\000N\000C\000\137\000O\000P\000E\000R\000A\000T\000I\000O\000N\000\137\000F\000A\000I\000L\000E\000D}{subsection.4.1.1}% 39
\BOOKMARK [3][-]{subsubsection.4.1.1.18}{\376\377\0004\000.\0001\000.\0001\000.\0001\0008\000\040\000Q\000U\000E\000R\000Y\000\137\000F\000A\000I\000L\000E\000D}{subsection.4.1.1}% 40
\BOOKMARK [3][-]{subsubsection.4.1.1.19}{\376\377\0004\000.\0001\000.\0001\000.\0001\0009\000\040\000S\000I\000P\000\137\000E\000R\000R\000O\000R}{subsection.4.1.1}% 41
\BOOKMARK [3][-]{subsubsection.4.1.1.20}{\376\377\0004\000.\0001\000.\0001\000.\0002\0000\000\040\000S\000O\000F\000T\000P\000I\000N\000\137\000N\000O\000T\000\137\000S\000U\000P\000P\000O\000R\000T\000E\000D}{subsection.4.1.1}% 42
\BOOKMARK [3][-]{subsubsection.4.1.1.21}{\376\377\0004\000.\0001\000.\0001\000.\0002\0001\000\040\000S\000O\000U\000R\000C\000E\000\137\000L\000O\000A\000D\000\137\000E\000R\000R\000O\000R}{subsection.4.1.1}% 43
\BOOKMARK [3][-]{subsubsection.4.1.1.22}{\376\377\0004\000.\0001\000.\0001\000.\0002\0002\000\040\000S\000U\000C\000C\000E\000S\000S}{subsection.4.1.1}% 44
\BOOKMARK [3][-]{subsubsection.4.1.1.23}{\376\377\0004\000.\0001\000.\0001\000.\0002\0003\000\040\000U\000N\000S\000U\000P\000P\000O\000R\000T\000E\000D\000\137\000H\000A\000R\000D\000W\000A\000R\000E}{subsection.4.1.1}% 45
\BOOKMARK [3][-]{subsubsection.4.1.1.24}{\376\377\0004\000.\0001\000.\0001\000.\0002\0004\000\040\000U\000N\000S\000U\000P\000P\000O\000R\000T\000E\000D\000\137\000K\000E\000R\000N\000E\000L\000\137\000D\000R\000I\000V\000E\000R}{subsection.4.1.1}% 46
\BOOKMARK [3][-]{subsubsection.4.1.1.25}{\376\377\0004\000.\0001\000.\0001\000.\0002\0005\000\040\000U\000N\000S\000U\000P\000P\000O\000R\000T\000E\000D\000\137\000P\000A\000T\000C\000H\000T\000O\000K\000E\000N\000S}{subsection.4.1.1}% 47
\BOOKMARK [2][-]{subsection.4.1.2}{\376\377\0004\000.\0001\000.\0002\000\040\000F\000u\000n\000c\000t\000i\000o\000n\000\040\000D\000o\000c\000u\000m\000e\000n\000t\000a\000t\000i\000o\000n}{section.4.1}% 48
\BOOKMARK [3][-]{subsubsection.4.1.2.1}{\376\377\0004\000.\0001\000.\0002\000.\0001\000\040\000B\000u\000i\000l\000d\000K\000e\000r\000n\000e\000l\000\050\000\051}{subsection.4.1.2}% 49
\BOOKMARK [3][-]{subsubsection.4.1.2.2}{\376\377\0004\000.\0001\000.\0002\000.\0002\000\040\000C\000r\000e\000a\000t\000e\000B\000u\000f\000f\000e\000r\000\050\000\051}{subsection.4.1.2}% 50
\BOOKMARK [3][-]{subsubsection.4.1.2.3}{\376\377\0004\000.\0001\000.\0002\000.\0003\000\040\000C\000r\000e\000a\000t\000e\000C\000o\000n\000t\000e\000x\000t\000\050\000\051}{subsection.4.1.2}% 51
\BOOKMARK [3][-]{subsubsection.4.1.2.4}{\376\377\0004\000.\0001\000.\0002\000.\0004\000\040\000C\000r\000e\000a\000t\000e\000D\000e\000v\000i\000c\000e\000s\000\050\000\051}{subsection.4.1.2}% 52
\BOOKMARK [3][-]{subsubsection.4.1.2.5}{\376\377\0004\000.\0001\000.\0002\000.\0005\000\040\000E\000x\000e\000c\000u\000t\000e\000K\000e\000r\000n\000e\000l\000\050\000\051}{subsection.4.1.2}% 53
\BOOKMARK [3][-]{subsubsection.4.1.2.6}{\376\377\0004\000.\0001\000.\0002\000.\0006\000\040\000R\000e\000l\000e\000a\000s\000e\000B\000u\000f\000f\000e\000r\000\050\000\051}{subsection.4.1.2}% 54
\BOOKMARK [3][-]{subsubsection.4.1.2.7}{\376\377\0004\000.\0001\000.\0002\000.\0007\000\040\000R\000e\000l\000e\000a\000s\000e\000C\000o\000n\000t\000e\000x\000t\000\050\000\051}{subsection.4.1.2}% 55
\BOOKMARK [3][-]{subsubsection.4.1.2.8}{\376\377\0004\000.\0001\000.\0002\000.\0008\000\040\000R\000e\000l\000e\000a\000s\000e\000D\000e\000v\000i\000c\000e\000\050\000\051}{subsection.4.1.2}% 56
\BOOKMARK [3][-]{subsubsection.4.1.2.9}{\376\377\0004\000.\0001\000.\0002\000.\0009\000\040\000R\000e\000l\000e\000a\000s\000e\000K\000e\000r\000n\000e\000l\000\050\000\051}{subsection.4.1.2}% 57
\BOOKMARK [3][-]{subsubsection.4.1.2.10}{\376\377\0004\000.\0001\000.\0002\000.\0001\0000\000\040\000S\000e\000t\000K\000e\000r\000n\000e\000l\000A\000r\000g\000\050\000\051}{subsection.4.1.2}% 58
\BOOKMARK [0][-]{section*.9}{\376\377\000I\000n\000d\000e\000x}{}% 59
